#
# There is insufficient memory for the Java Runtime Environment to continue.
# Native memory allocation (malloc) failed to allocate 1068976 bytes for Chunk::new
# Possible reasons:
#   The system is out of physical RAM or swap space
#   The process is running with CompressedOops enabled, and the Java Heap may be blocking the growth of the native heap
# Possible solutions:
#   Reduce memory load on the system
#   Increase physical memory or swap space
#   Check if swap backing store is full
#   Decrease Java heap size (-Xmx/-Xms)
#   Decrease number of Java threads
#   Decrease Java thread stack sizes (-Xss)
#   Set larger code cache with -XX:ReservedCodeCacheSize=
#   JVM is running with Unscaled Compressed Oops mode in which the Java heap is
#     placed in the first 4GB address space. The Java Heap base address is the
#     maximum limit for the native heap growth. Please use -XX:HeapBaseMinAddress
#     to set the Java Heap base and to place the Java Heap above 4GB virtual address.
# This output file may be truncated or incomplete.
#
#  Out of Memory Error (allocation.cpp:389), pid=1028, tid=0x0000000000002544
#
# JRE version: OpenJDK Runtime Environment (8.0_242-b01) (build 1.8.0_242-release-1644-b01)
# Java VM: OpenJDK 64-Bit Server VM (25.242-b01 mixed mode windows-amd64 compressed oops)
# Failed to write core dump. Minidumps are not enabled by default on client versions of Windows
#

---------------  T H R E A D  ---------------

Current thread (0x0000000017b3a000):  JavaThread "C2 CompilerThread1" daemon [_thread_in_native, id=9540, stack(0x0000000019280000,0x0000000019380000)]

Stack: [0x0000000019280000,0x0000000019380000]
[error occurred during error reporting (printing stack bounds), id 0xc0000005]

Native frames: (J=compiled Java code, j=interpreted, Vv=VM code, C=native code)


Current CompileTask:
C2: 924895 14932 % !   4       com.android.tools.r8.dex.r::c @ 803 (2729 bytes)


---------------  P R O C E S S  ---------------

Java Threads: ( => current thread )
  0x0000000019ba4800 JavaThread "ForkJoinPool-2-worker-0" daemon [_thread_blocked, id=8528, stack(0x0000000031280000,0x0000000031380000)]
  0x0000000019ba6000 JavaThread "ForkJoinPool-2-worker-3" daemon [_thread_in_Java, id=11364, stack(0x0000000031180000,0x0000000031280000)]
  0x0000000019ba4000 JavaThread "ForkJoinPool-2-worker-2" daemon [_thread_blocked, id=16076, stack(0x0000000031080000,0x0000000031180000)]
  0x0000000019ba1800 JavaThread "ForkJoinPool-2-worker-1" daemon [_thread_blocked, id=14888, stack(0x000000002dfe0000,0x000000002e0e0000)]
  0x0000000019ba8800 JavaThread "ForkJoinPool.commonPool-worker-1" daemon [_thread_blocked, id=17216, stack(0x000000002d0d0000,0x000000002d1d0000)]
  0x0000000019b9f800 JavaThread "Cache worker for Java compile cache (C:\Users\Jakub\Desktop\Web development\School projects\PSM_Project\client\.gradle\6.5\javaCompile)" [_thread_blocked, id=12088, stack(0x000000002c9d0000,0x000000002cad0000)]
  0x0000000019b9b000 JavaThread "Cache worker for Java compile cache (C:\Users\Jakub\.gradle\caches\6.5\javaCompile)" [_thread_blocked, id=9712, stack(0x000000002b8d0000,0x000000002b9d0000)]
  0x0000000019b9b800 JavaThread "WorkerExecutor Queue Thread 5" [_thread_blocked, id=3956, stack(0x000000002c8d0000,0x000000002c9d0000)]
  0x0000000019ba1000 JavaThread "stdout" [_thread_in_native, id=16960, stack(0x000000002c3d0000,0x000000002c4d0000)]
  0x0000000019b99800 JavaThread "stderr" [_thread_in_native, id=1548, stack(0x000000002c2d0000,0x000000002c3d0000)]
  0x0000000019b9e800 JavaThread "stdout" [_thread_in_native, id=16120, stack(0x000000002c1d0000,0x000000002c2d0000)]
  0x0000000019ba0000 JavaThread "stderr" [_thread_in_native, id=2408, stack(0x000000002c0d0000,0x000000002c1d0000)]
  0x0000000019b9c800 JavaThread "stdout" [_thread_in_native, id=17348, stack(0x000000002bfd0000,0x000000002c0d0000)]
  0x0000000019b9d000 JavaThread "stderr" [_thread_in_native, id=4392, stack(0x000000002bed0000,0x000000002bfd0000)]
  0x0000000020421800 JavaThread "stdout" [_thread_in_native, id=2904, stack(0x000000002bdd0000,0x000000002bed0000)]
  0x0000000020423800 JavaThread "stderr" [_thread_in_native, id=2772, stack(0x000000002bcd0000,0x000000002bdd0000)]
  0x0000000020420800 JavaThread "pool-3-thread-1" [_thread_blocked, id=5056, stack(0x000000002bbd0000,0x000000002bcd0000)]
  0x0000000020420000 JavaThread "WorkerExecutor Queue Thread 4" [_thread_blocked, id=13364, stack(0x000000002bad0000,0x000000002bbd0000)]
  0x0000000020423000 JavaThread "WorkerExecutor Queue Thread 3" [_thread_blocked, id=16780, stack(0x000000002b9d0000,0x000000002bad0000)]
  0x000000002041f000 JavaThread "WorkerExecutor Queue" [_thread_blocked, id=17180, stack(0x0000000029d60000,0x0000000029e60000)]
  0x000000002041d800 JavaThread "Cache worker for execution history cache (C:\Users\Jakub\Desktop\Web development\School projects\PSM_Project\client\.gradle\6.5\executionHistory)" [_thread_blocked, id=16912, stack(0x0000000029970000,0x0000000029a70000)]
  0x0000000020416000 JavaThread "Execution worker for ':' Thread 3" [_thread_blocked, id=6324, stack(0x00000000296e0000,0x00000000297e0000)]
  0x0000000020417000 JavaThread "Execution worker for ':' Thread 2" [_thread_blocked, id=12516, stack(0x0000000028790000,0x0000000028890000)]
  0x000000002041d000 JavaThread "Execution worker for ':'" [_thread_blocked, id=13864, stack(0x0000000028690000,0x0000000028790000)]
  0x000000002041c000 JavaThread "Cache worker for file content cache (C:\Users\Jakub\Desktop\Web development\School projects\PSM_Project\client\.gradle\6.5\fileContent)" [_thread_blocked, id=1020, stack(0x0000000028390000,0x0000000028490000)]
  0x0000000020418800 JavaThread "Cache worker for Build Output Cleanup Cache (C:\Users\Jakub\Desktop\Web development\School projects\PSM_Project\client\.gradle\buildOutputCleanup)" [_thread_blocked, id=14104, stack(0x0000000028290000,0x0000000028390000)]
  0x000000002041a000 JavaThread "jar transforms Thread 184" [_thread_blocked, id=7728, stack(0x0000000028190000,0x0000000028290000)]
  0x0000000020419000 JavaThread "jar transforms Thread 183" [_thread_blocked, id=3600, stack(0x0000000028090000,0x0000000028190000)]
  0x000000002041b800 JavaThread "jar transforms Thread 182" [_thread_blocked, id=2872, stack(0x0000000027f90000,0x0000000028090000)]
  0x000000002041a800 JavaThread "jar transforms Thread 181" [_thread_blocked, id=9432, stack(0x0000000027e90000,0x0000000027f90000)]
  0x000000001a81b800 JavaThread "jar transforms Thread 180" [_thread_blocked, id=10600, stack(0x0000000027d90000,0x0000000027e90000)]
  0x000000001a819000 JavaThread "jar transforms Thread 179" [_thread_blocked, id=7136, stack(0x0000000027c90000,0x0000000027d90000)]
  0x000000001a81a800 JavaThread "jar transforms Thread 178" [_thread_blocked, id=12808, stack(0x0000000027b90000,0x0000000027c90000)]
  0x000000001a818800 JavaThread "jar transforms Thread 177" [_thread_blocked, id=7360, stack(0x0000000027a90000,0x0000000027b90000)]
  0x000000001a817800 JavaThread "jar transforms Thread 176" [_thread_blocked, id=1712, stack(0x0000000027990000,0x0000000027a90000)]
  0x000000001a81c000 JavaThread "jar transforms Thread 175" [_thread_blocked, id=14364, stack(0x0000000027890000,0x0000000027990000)]
  0x000000001a81a000 JavaThread "jar transforms Thread 174" [_thread_blocked, id=15760, stack(0x0000000027790000,0x0000000027890000)]
  0x000000001a810000 JavaThread "jar transforms Thread 173" [_thread_blocked, id=6884, stack(0x0000000027690000,0x0000000027790000)]
  0x000000001a817000 JavaThread "jar transforms Thread 172" [_thread_blocked, id=9508, stack(0x0000000027590000,0x0000000027690000)]
  0x000000001a80f800 JavaThread "jar transforms Thread 171" [_thread_blocked, id=17152, stack(0x0000000027490000,0x0000000027590000)]
  0x000000001a816000 JavaThread "jar transforms Thread 170" [_thread_blocked, id=14732, stack(0x0000000027390000,0x0000000027490000)]
  0x000000001a80e800 JavaThread "jar transforms Thread 169" [_thread_blocked, id=5280, stack(0x0000000027290000,0x0000000027390000)]
  0x000000001a815800 JavaThread "jar transforms Thread 168" [_thread_blocked, id=9972, stack(0x0000000027190000,0x0000000027290000)]
  0x000000001a814800 JavaThread "jar transforms Thread 167" [_thread_blocked, id=10188, stack(0x0000000027090000,0x0000000027190000)]
  0x000000001a814000 JavaThread "jar transforms Thread 166" [_thread_blocked, id=132, stack(0x0000000026f90000,0x0000000027090000)]
  0x000000001a812800 JavaThread "jar transforms Thread 165" [_thread_blocked, id=13636, stack(0x0000000026e90000,0x0000000026f90000)]
  0x000000001a813000 JavaThread "jar transforms Thread 164" [_thread_blocked, id=16208, stack(0x0000000026d90000,0x0000000026e90000)]
  0x000000001a80d000 JavaThread "jar transforms Thread 163" [_thread_blocked, id=15312, stack(0x0000000026c90000,0x0000000026d90000)]
  0x000000001a80d800 JavaThread "jar transforms Thread 162" [_thread_blocked, id=7936, stack(0x0000000026b90000,0x0000000026c90000)]
  0x000000001a811800 JavaThread "jar transforms Thread 161" [_thread_blocked, id=8320, stack(0x0000000026a90000,0x0000000026b90000)]
  0x000000001a811000 JavaThread "jar transforms Thread 160" [_thread_blocked, id=8780, stack(0x0000000026990000,0x0000000026a90000)]
  0x000000001eef6800 JavaThread "jar transforms Thread 159" [_thread_blocked, id=14748, stack(0x0000000026890000,0x0000000026990000)]
  0x000000001eef5800 JavaThread "jar transforms Thread 158" [_thread_blocked, id=13468, stack(0x0000000026790000,0x0000000026890000)]
  0x000000001eef5000 JavaThread "jar transforms Thread 157" [_thread_blocked, id=7896, stack(0x0000000026690000,0x0000000026790000)]
  0x000000001eef1000 JavaThread "jar transforms Thread 156" [_thread_blocked, id=10716, stack(0x0000000026590000,0x0000000026690000)]
  0x000000001eef4000 JavaThread "jar transforms Thread 155" [_thread_blocked, id=5636, stack(0x0000000026490000,0x0000000026590000)]
  0x000000001eeee000 JavaThread "jar transforms Thread 154" [_thread_blocked, id=8352, stack(0x0000000026390000,0x0000000026490000)]
  0x000000001eef0800 JavaThread "jar transforms Thread 153" [_thread_blocked, id=8116, stack(0x0000000026290000,0x0000000026390000)]
  0x000000001eeef800 JavaThread "jar transforms Thread 152" [_thread_blocked, id=8668, stack(0x0000000026190000,0x0000000026290000)]
  0x000000001eef3800 JavaThread "jar transforms Thread 151" [_thread_blocked, id=17028, stack(0x0000000026090000,0x0000000026190000)]
  0x000000001eef2000 JavaThread "jar transforms Thread 150" [_thread_blocked, id=16532, stack(0x0000000025f90000,0x0000000026090000)]
  0x000000001eef2800 JavaThread "jar transforms Thread 149" [_thread_blocked, id=5556, stack(0x0000000025e90000,0x0000000025f90000)]
  0x000000001eee8000 JavaThread "jar transforms Thread 148" [_thread_blocked, id=9644, stack(0x0000000025d90000,0x0000000025e90000)]
  0x000000001eeef000 JavaThread "jar transforms Thread 147" [_thread_blocked, id=15484, stack(0x0000000025c90000,0x0000000025d90000)]
  0x000000001eeed800 JavaThread "jar transforms Thread 146" [_thread_blocked, id=2848, stack(0x0000000025b90000,0x0000000025c90000)]
  0x000000001eeec800 JavaThread "jar transforms Thread 145" [_thread_blocked, id=3988, stack(0x0000000025a90000,0x0000000025b90000)]
  0x000000001eeeb000 JavaThread "jar transforms Thread 144" [_thread_blocked, id=14944, stack(0x0000000025990000,0x0000000025a90000)]
  0x000000001eeea800 JavaThread "jar transforms Thread 143" [_thread_blocked, id=14760, stack(0x0000000025890000,0x0000000025990000)]
  0x000000001eee9800 JavaThread "jar transforms Thread 142" [_thread_blocked, id=9312, stack(0x0000000025790000,0x0000000025890000)]
  0x000000001eee7800 JavaThread "jar transforms Thread 141" [_thread_blocked, id=5516, stack(0x0000000025690000,0x0000000025790000)]
  0x000000001eee9000 JavaThread "jar transforms Thread 140" [_thread_blocked, id=7976, stack(0x0000000025590000,0x0000000025690000)]
  0x000000001eeec000 JavaThread "jar transforms Thread 139" [_thread_blocked, id=12840, stack(0x0000000025490000,0x0000000025590000)]
  0x000000001b6e1800 JavaThread "jar transforms Thread 138" [_thread_blocked, id=8892, stack(0x0000000025390000,0x0000000025490000)]
  0x000000001b6e3000 JavaThread "jar transforms Thread 137" [_thread_blocked, id=15836, stack(0x0000000025290000,0x0000000025390000)]
  0x000000001b6df000 JavaThread "jar transforms Thread 136" [_thread_blocked, id=16096, stack(0x0000000025190000,0x0000000025290000)]
  0x000000001b6e3800 JavaThread "jar transforms Thread 135" [_thread_blocked, id=14588, stack(0x0000000025090000,0x0000000025190000)]
  0x000000001b6dd800 JavaThread "jar transforms Thread 134" [_thread_blocked, id=5588, stack(0x0000000024f90000,0x0000000025090000)]
  0x000000001bf09800 JavaThread "jar transforms Thread 133" [_thread_blocked, id=8976, stack(0x0000000024e90000,0x0000000024f90000)]
  0x000000001bf06800 JavaThread "jar transforms Thread 132" [_thread_blocked, id=13748, stack(0x0000000024d90000,0x0000000024e90000)]
  0x000000001bf0a000 JavaThread "jar transforms Thread 131" [_thread_blocked, id=8100, stack(0x0000000024c90000,0x0000000024d90000)]
  0x000000001bf02000 JavaThread "jar transforms Thread 130" [_thread_blocked, id=13376, stack(0x0000000024b90000,0x0000000024c90000)]
  0x000000001bf08800 JavaThread "jar transforms Thread 129" [_thread_blocked, id=3832, stack(0x0000000024a90000,0x0000000024b90000)]
  0x000000001bf01000 JavaThread "jar transforms Thread 128" [_thread_blocked, id=6804, stack(0x0000000024990000,0x0000000024a90000)]
  0x000000001bf05000 JavaThread "jar transforms Thread 127" [_thread_blocked, id=14080, stack(0x0000000024890000,0x0000000024990000)]
  0x000000001bf08000 JavaThread "jar transforms Thread 126" [_thread_blocked, id=1660, stack(0x0000000024790000,0x0000000024890000)]
  0x000000001bf00800 JavaThread "jar transforms Thread 125" [_thread_blocked, id=1564, stack(0x0000000024690000,0x0000000024790000)]
  0x000000001bf05800 JavaThread "jar transforms Thread 124" [_thread_blocked, id=7832, stack(0x0000000024590000,0x0000000024690000)]
  0x000000001bf04000 JavaThread "jar transforms Thread 123" [_thread_blocked, id=14020, stack(0x0000000024490000,0x0000000024590000)]
  0x000000001bf03800 JavaThread "jar transforms Thread 122" [_thread_blocked, id=13656, stack(0x0000000024390000,0x0000000024490000)]
  0x000000001bf07000 JavaThread "jar transforms Thread 121" [_thread_blocked, id=9140, stack(0x0000000024290000,0x0000000024390000)]
  0x000000001bf02800 JavaThread "jar transforms Thread 120" [_thread_blocked, id=4080, stack(0x0000000024190000,0x0000000024290000)]
  0x000000001befb000 JavaThread "jar transforms Thread 119" [_thread_blocked, id=292, stack(0x0000000024090000,0x0000000024190000)]
  0x000000001beff000 JavaThread "jar transforms Thread 118" [_thread_blocked, id=14620, stack(0x0000000023f90000,0x0000000024090000)]
  0x000000001befe000 JavaThread "jar transforms Thread 117" [_thread_blocked, id=15804, stack(0x0000000023e90000,0x0000000023f90000)]
  0x000000001dfc7000 JavaThread "jar transforms Thread 116" [_thread_blocked, id=16748, stack(0x0000000023d90000,0x0000000023e90000)]
  0x000000001dfc6800 JavaThread "jar transforms Thread 115" [_thread_blocked, id=8476, stack(0x0000000023c90000,0x0000000023d90000)]
  0x000000001dfc5800 JavaThread "jar transforms Thread 114" [_thread_blocked, id=7732, stack(0x0000000023b90000,0x0000000023c90000)]
  0x000000001dfc8800 JavaThread "jar transforms Thread 113" [_thread_blocked, id=15964, stack(0x0000000023a90000,0x0000000023b90000)]
  0x000000001dfc5000 JavaThread "jar transforms Thread 112" [_thread_blocked, id=13028, stack(0x0000000023990000,0x0000000023a90000)]
  0x000000001dfbd800 JavaThread "jar transforms Thread 111" [_thread_blocked, id=7312, stack(0x0000000023890000,0x0000000023990000)]
  0x000000001dfc4000 JavaThread "jar transforms Thread 110" [_thread_blocked, id=8940, stack(0x0000000023790000,0x0000000023890000)]
  0x000000001dfbc800 JavaThread "jar transforms Thread 109" [_thread_blocked, id=6552, stack(0x0000000023690000,0x0000000023790000)]
  0x000000001dfc3800 JavaThread "jar transforms Thread 108" [_thread_blocked, id=3496, stack(0x0000000023590000,0x0000000023690000)]
  0x000000001dfbc000 JavaThread "jar transforms Thread 107" [_thread_blocked, id=12396, stack(0x0000000023490000,0x0000000023590000)]
  0x000000001dfc2800 JavaThread "jar transforms Thread 106" [_thread_blocked, id=3376, stack(0x0000000023290000,0x0000000023390000)]
  0x000000001dfbb000 JavaThread "jar transforms Thread 105" [_thread_blocked, id=4632, stack(0x0000000023190000,0x0000000023290000)]
  0x000000001dfc2000 JavaThread "jar transforms Thread 104" [_thread_blocked, id=17388, stack(0x0000000023090000,0x0000000023190000)]
  0x000000001dfbe000 JavaThread "jar transforms Thread 103" [_thread_blocked, id=1732, stack(0x0000000022f90000,0x0000000023090000)]
  0x000000001dfba800 JavaThread "jar transforms Thread 102" [_thread_blocked, id=14832, stack(0x0000000022e90000,0x0000000022f90000)]
  0x000000001dfc0800 JavaThread "jar transforms Thread 101" [_thread_blocked, id=16880, stack(0x0000000022d90000,0x0000000022e90000)]
  0x000000001dfbf800 JavaThread "jar transforms Thread 100" [_thread_blocked, id=7592, stack(0x0000000022c90000,0x0000000022d90000)]
  0x000000001dfb9800 JavaThread "jar transforms Thread 99" [_thread_blocked, id=9708, stack(0x0000000022b90000,0x0000000022c90000)]
  0x000000001dfbf000 JavaThread "jar transforms Thread 98" [_thread_blocked, id=11880, stack(0x0000000022a90000,0x0000000022b90000)]
  0x000000001fb14000 JavaThread "jar transforms Thread 97" [_thread_blocked, id=15872, stack(0x0000000022990000,0x0000000022a90000)]
  0x000000001fb12800 JavaThread "jar transforms Thread 96" [_thread_blocked, id=12896, stack(0x0000000022890000,0x0000000022990000)]
  0x000000001fb11800 JavaThread "jar transforms Thread 95" [_thread_blocked, id=10284, stack(0x0000000022790000,0x0000000022890000)]
  0x000000001fb10000 JavaThread "jar transforms Thread 94" [_thread_blocked, id=14772, stack(0x0000000022690000,0x0000000022790000)]
  0x000000001fb11000 JavaThread "jar transforms Thread 93" [_thread_blocked, id=14096, stack(0x0000000022590000,0x0000000022690000)]
  0x000000001fb0f800 JavaThread "Build operations Thread 4" [_thread_blocked, id=8660, stack(0x0000000022490000,0x0000000022590000)]
  0x000000001fb14800 JavaThread "Build operations Thread 3" [_thread_blocked, id=17128, stack(0x0000000021c90000,0x0000000021d90000)]
  0x000000001fb15800 JavaThread "Build operations Thread 2" [_thread_blocked, id=6548, stack(0x0000000021490000,0x0000000021590000)]
  0x000000001fb13000 JavaThread "Build operations" [_thread_blocked, id=6684, stack(0x0000000021390000,0x0000000021490000)]
  0x000000001fb0e800 JavaThread "Cache worker for cache directory md-rule (C:\Users\Jakub\.gradle\caches\6.5\md-rule)" [_thread_blocked, id=15428, stack(0x0000000020040000,0x0000000020140000)]
  0x000000001fb07000 JavaThread "Cache worker for cache directory md-supplier (C:\Users\Jakub\.gradle\caches\6.5\md-supplier)" [_thread_blocked, id=15352, stack(0x000000001fd40000,0x000000001fe40000)]
  0x000000001fb0d000 JavaThread "Cache worker for checksums cache (C:\Users\Jakub\Desktop\Web development\School projects\PSM_Project\client\.gradle\checksums)" [_thread_blocked, id=4348, stack(0x000000001d5a0000,0x000000001d6a0000)]
  0x000000001fb0a800 JavaThread "Cache worker for file hash cache (C:\Users\Jakub\Desktop\Web development\School projects\PSM_Project\client\.gradle\6.5\fileHashes)" [_thread_blocked, id=15188, stack(0x000000001d4a0000,0x000000001d5a0000)]
  0x000000001fb0b800 JavaThread "Thread-127" [_thread_blocked, id=14812, stack(0x000000001d3a0000,0x000000001d4a0000)]
  0x000000001fb0a000 JavaThread "Stdin handler" [_thread_blocked, id=15408, stack(0x000000001d2a0000,0x000000001d3a0000)]
  0x000000001fb0e000 JavaThread "Asynchronous log dispatcher for DefaultDaemonConnection: socket connection from /127.0.0.1:61863 to /127.0.0.1:62297" [_thread_blocked, id=1744, stack(0x000000001cfa0000,0x000000001d0a0000)]
  0x000000001fb09000 JavaThread "Daemon worker Thread 2" [_thread_blocked, id=5452, stack(0x000000001c960000,0x000000001ca60000)]
  0x000000001fb07800 JavaThread "Cancel handler" [_thread_blocked, id=15040, stack(0x000000001c860000,0x000000001c960000)]
  0x000000001fb0c000 JavaThread "Handler for socket connection from /127.0.0.1:61863 to /127.0.0.1:62297" [_thread_in_native, id=7060, stack(0x0000000001360000,0x0000000001460000)]
  0x000000001fb06000 JavaThread "Daemon Thread 2" [_thread_blocked, id=16340, stack(0x0000000001260000,0x0000000001360000)]
  0x000000001dfc8000 JavaThread "Memory manager" [_thread_blocked, id=15256, stack(0x0000000029870000,0x0000000029970000)]
  0x000000001b6e4800 JavaThread "Cache worker for file content cache (C:\Users\Jakub\.gradle\caches\6.5\fileContent)" [_thread_blocked, id=14952, stack(0x0000000021d90000,0x0000000021e90000)]
  0x000000001b6e0800 JavaThread "Cache worker for execution history cache (C:\Users\Jakub\.gradle\caches\6.5\executionHistory)" [_thread_blocked, id=15500, stack(0x0000000021590000,0x0000000021690000)]
  0x000000001b6e0000 JavaThread "Cache worker for file hash cache (C:\Users\Jakub\.gradle\caches\6.5\fileHashes)" [_thread_blocked, id=7676, stack(0x000000001daa0000,0x000000001dba0000)]
  0x000000001b6e2000 JavaThread "File lock request listener" [_thread_in_native, id=10692, stack(0x000000001d9a0000,0x000000001daa0000)]
  0x000000001b6de800 JavaThread "Cache worker for journal cache (C:\Users\Jakub\.gradle\caches\journal-1)" [_thread_blocked, id=6128, stack(0x000000001d8a0000,0x000000001d9a0000)]
  0x000000001b609000 JavaThread "Daemon periodic checks" [_thread_blocked, id=16128, stack(0x000000001cca0000,0x000000001cda0000)]
  0x000000001b5af800 JavaThread "Incoming local TCP Connector on port 61863" [_thread_in_native, id=15032, stack(0x000000001ca60000,0x000000001cb60000)]
  0x000000001b51f000 JavaThread "Daemon health stats" [_thread_blocked, id=15856, stack(0x000000001c420000,0x000000001c520000)]
  0x0000000019385000 JavaThread "Service Thread" daemon [_thread_blocked, id=3336, stack(0x0000000019880000,0x0000000019980000)]
  0x0000000019381000 JavaThread "C1 CompilerThread2" daemon [_thread_blocked, id=11080, stack(0x0000000019780000,0x0000000019880000)]
=>0x0000000017b3a000 JavaThread "C2 CompilerThread1" daemon [_thread_in_native, id=9540, stack(0x0000000019280000,0x0000000019380000)]
  0x0000000017b36000 JavaThread "C2 CompilerThread0" daemon [_thread_in_native, id=9500, stack(0x0000000019180000,0x0000000019280000)]
  0x0000000017b34000 JavaThread "Attach Listener" daemon [_thread_blocked, id=7172, stack(0x0000000019080000,0x0000000019180000)]
  0x0000000017b32800 JavaThread "Signal Dispatcher" daemon [_thread_blocked, id=8412, stack(0x0000000018f80000,0x0000000019080000)]
  0x0000000002f09800 JavaThread "Finalizer" daemon [_thread_blocked, id=14112, stack(0x0000000018d80000,0x0000000018e80000)]
  0x0000000002f01000 JavaThread "Reference Handler" daemon [_thread_blocked, id=9992, stack(0x0000000018c80000,0x0000000018d80000)]
  0x000000000149d800 JavaThread "main" [_thread_blocked, id=8436, stack(0x0000000002d10000,0x0000000002e10000)]

Other Threads:
  0x0000000017af6800 VMThread [stack: 0x0000000018b80000,0x0000000018c80000] [id=3380]
  0x0000000019386800 WatcherThread [stack: 0x0000000019980000,0x0000000019a80000] [id=8440]

VM state:not at safepoint (normal execution)

VM Mutex/Monitor currently owned by a thread: None

heap address: 0x0000000080000000, size: 2048 MB, Compressed Oops mode: 32-bit
Narrow klass base: 0x0000000000000000, Narrow klass shift: 3
Compressed class space size: 1073741824 Address: 0x0000000100000000

Heap:
 PSYoungGen      total 364032K, used 277792K [0x00000000d5580000, 0x00000000f4180000, 0x0000000100000000)
  eden space 343552K, 74% used [0x00000000d5580000,0x00000000e50ccf70,0x00000000ea500000)
  from space 20480K, 99% used [0x00000000ea500000,0x00000000eb8fb168,0x00000000eb900000)
  to   space 33280K, 0% used [0x00000000f2100000,0x00000000f2100000,0x00000000f4180000)
 ParOldGen       total 176640K, used 83793K [0x0000000080000000, 0x000000008ac80000, 0x00000000d5580000)
  object space 176640K, 47% used [0x0000000080000000,0x00000000851d47e8,0x000000008ac80000)
 Metaspace       used 90330K, capacity 94952K, committed 95128K, reserved 1132544K
  class space    used 11994K, capacity 12902K, committed 12976K, reserved 1048576K

Card table byte_map: [0x00000000122d0000,0x00000000126e0000] byte_map_base: 0x0000000011ed0000

Marking Bits: (ParMarkBitMap*) 0x000000005400f030
 Begin Bits: [0x0000000012d90000, 0x0000000014d90000)
 End Bits:   [0x0000000014d90000, 0x0000000016d90000)

Polling page: 0x0000000001480000

CodeCache: size=245760Kb used=41144Kb max_used=41147Kb free=204615Kb
 bounds [0x0000000002f10000, 0x0000000005830000, 0x0000000011f10000]
 total_blobs=13178 nmethods=12314 adapters=775
 compilation: enabled

Compilation events (10 events):
Event: 924.825 Thread 0x0000000019381000 15100       1       com.android.tools.r8.code.o2::o (2 bytes)
Event: 924.825 Thread 0x0000000019381000 nmethod 15100 0x000000000555f450 code [0x000000000555f5a0, 0x000000000555f6b0]
Event: 924.825 Thread 0x0000000019381000 15099       1       com.android.tools.r8.code.L1::o (3 bytes)
Event: 924.825 Thread 0x0000000019381000 nmethod 15099 0x0000000004d8a250 code [0x0000000004d8a3a0, 0x0000000004d8a4b0]
Event: 924.825 Thread 0x0000000019381000 15098       1       com.android.tools.r8.code.d::o (4 bytes)
Event: 924.825 Thread 0x0000000019381000 nmethod 15098 0x0000000004d89f50 code [0x0000000004d8a0a0, 0x0000000004d8a1b0]
Event: 924.865 Thread 0x0000000019381000 15102       1       com.android.tools.r8.code.d3::o (3 bytes)
Event: 924.866 Thread 0x0000000019381000 nmethod 15102 0x00000000050bbf50 code [0x00000000050bc0a0, 0x00000000050bc1b0]
Event: 924.877 Thread 0x0000000019381000 15103       3       com.android.tools.r8.code.b2::a (10 bytes)
Event: 924.878 Thread 0x0000000019381000 nmethod 15103 0x00000000050bb910 code [0x00000000050bba80, 0x00000000050bbde8]

GC Heap History (10 events):
Event: 10.961 GC heap before
{Heap before GC invocations=12 (full 2):
 PSYoungGen      total 211968K, used 18966K [0x00000000d5580000, 0x00000000e7600000, 0x0000000100000000)
  eden space 200192K, 3% used [0x00000000d5580000,0x00000000d5c86520,0x00000000e1900000)
  from space 11776K, 99% used [0x00000000e1900000,0x00000000e247f2f0,0x00000000e2480000)
  to   space 18944K, 0% used [0x00000000e6380000,0x00000000e6380000,0x00000000e7600000)
 ParOldGen       total 121856K, used 30601K [0x0000000080000000, 0x0000000087700000, 0x00000000d5580000)
  object space 121856K, 25% used [0x0000000080000000,0x0000000081de2418,0x0000000087700000)
 Metaspace       used 56782K, capacity 59030K, committed 59160K, reserved 1099776K
  class space    used 7760K, capacity 8228K, committed 8240K, reserved 1048576K
Event: 10.974 GC heap after
Heap after GC invocations=12 (full 2):
 PSYoungGen      total 276992K, used 9484K [0x00000000d5580000, 0x00000000e9780000, 0x0000000100000000)
  eden space 258048K, 0% used [0x00000000d5580000,0x00000000d5580000,0x00000000e5180000)
  from space 18944K, 50% used [0x00000000e6380000,0x00000000e6cc32e0,0x00000000e7600000)
  to   space 18432K, 0% used [0x00000000e5180000,0x00000000e5180000,0x00000000e6380000)
 ParOldGen       total 121856K, used 33770K [0x0000000080000000, 0x0000000087700000, 0x00000000d5580000)
  object space 121856K, 27% used [0x0000000080000000,0x00000000820fab48,0x0000000087700000)
 Metaspace       used 56782K, capacity 59030K, committed 59160K, reserved 1099776K
  class space    used 7760K, capacity 8228K, committed 8240K, reserved 1048576K
}
Event: 10.974 GC heap before
{Heap before GC invocations=13 (full 3):
 PSYoungGen      total 276992K, used 9484K [0x00000000d5580000, 0x00000000e9780000, 0x0000000100000000)
  eden space 258048K, 0% used [0x00000000d5580000,0x00000000d5580000,0x00000000e5180000)
  from space 18944K, 50% used [0x00000000e6380000,0x00000000e6cc32e0,0x00000000e7600000)
  to   space 18432K, 0% used [0x00000000e5180000,0x00000000e5180000,0x00000000e6380000)
 ParOldGen       total 121856K, used 33770K [0x0000000080000000, 0x0000000087700000, 0x00000000d5580000)
  object space 121856K, 27% used [0x0000000080000000,0x00000000820fab48,0x0000000087700000)
 Metaspace       used 56782K, capacity 59030K, committed 59160K, reserved 1099776K
  class space    used 7760K, capacity 8228K, committed 8240K, reserved 1048576K
Event: 11.187 GC heap after
Heap after GC invocations=13 (full 3):
 PSYoungGen      total 276992K, used 0K [0x00000000d5580000, 0x00000000e9780000, 0x0000000100000000)
  eden space 258048K, 0% used [0x00000000d5580000,0x00000000d5580000,0x00000000e5180000)
  from space 18944K, 0% used [0x00000000e6380000,0x00000000e6380000,0x00000000e7600000)
  to   space 18432K, 0% used [0x00000000e5180000,0x00000000e5180000,0x00000000e6380000)
 ParOldGen       total 176640K, used 40427K [0x0000000080000000, 0x000000008ac80000, 0x00000000d5580000)
  object space 176640K, 22% used [0x0000000080000000,0x000000008277aea0,0x000000008ac80000)
 Metaspace       used 56776K, capacity 59012K, committed 59160K, reserved 1099776K
  class space    used 7758K, capacity 8225K, committed 8240K, reserved 1048576K
}
Event: 14.891 GC heap before
{Heap before GC invocations=14 (full 3):
 PSYoungGen      total 276992K, used 258048K [0x00000000d5580000, 0x00000000e9780000, 0x0000000100000000)
  eden space 258048K, 100% used [0x00000000d5580000,0x00000000e5180000,0x00000000e5180000)
  from space 18944K, 0% used [0x00000000e6380000,0x00000000e6380000,0x00000000e7600000)
  to   space 18432K, 0% used [0x00000000e5180000,0x00000000e5180000,0x00000000e6380000)
 ParOldGen       total 176640K, used 40427K [0x0000000080000000, 0x000000008ac80000, 0x00000000d5580000)
  object space 176640K, 22% used [0x0000000080000000,0x000000008277aea0,0x000000008ac80000)
 Metaspace       used 65584K, capacity 68540K, committed 68632K, reserved 1107968K
  class space    used 8893K, capacity 9497K, committed 9520K, reserved 1048576K
Event: 14.910 GC heap after
Heap after GC invocations=14 (full 3):
 PSYoungGen      total 276480K, used 18412K [0x00000000d5580000, 0x00000000ed500000, 0x0000000100000000)
  eden space 258048K, 0% used [0x00000000d5580000,0x00000000d5580000,0x00000000e5180000)
  from space 18432K, 99% used [0x00000000e5180000,0x00000000e637b2f8,0x00000000e6380000)
  to   space 20992K, 0% used [0x00000000ec080000,0x00000000ec080000,0x00000000ed500000)
 ParOldGen       total 176640K, used 41761K [0x0000000080000000, 0x000000008ac80000, 0x00000000d5580000)
  object space 176640K, 23% used [0x0000000080000000,0x00000000828c8468,0x000000008ac80000)
 Metaspace       used 65584K, capacity 68540K, committed 68632K, reserved 1107968K
  class space    used 8893K, capacity 9497K, committed 9520K, reserved 1048576K
}
Event: 910.874 GC heap before
{Heap before GC invocations=15 (full 3):
 PSYoungGen      total 276480K, used 276460K [0x00000000d5580000, 0x00000000ed500000, 0x0000000100000000)
  eden space 258048K, 100% used [0x00000000d5580000,0x00000000e5180000,0x00000000e5180000)
  from space 18432K, 99% used [0x00000000e5180000,0x00000000e637b2f8,0x00000000e6380000)
  to   space 20992K, 0% used [0x00000000ec080000,0x00000000ec080000,0x00000000ed500000)
 ParOldGen       total 176640K, used 41761K [0x0000000080000000, 0x000000008ac80000, 0x00000000d5580000)
  object space 176640K, 23% used [0x0000000080000000,0x00000000828c8468,0x000000008ac80000)
 Metaspace       used 71628K, capacity 74868K, committed 74904K, reserved 1114112K
  class space    used 9525K, capacity 10127K, committed 10160K, reserved 1048576K
Event: 910.938 GC heap after
Heap after GC invocations=15 (full 3):
 PSYoungGen      total 352256K, used 12690K [0x00000000d5580000, 0x00000000ecd00000, 0x0000000100000000)
  eden space 339456K, 0% used [0x00000000d5580000,0x00000000d5580000,0x00000000ea100000)
  from space 12800K, 99% used [0x00000000ec080000,0x00000000ecce49c0,0x00000000ecd00000)
  to   space 20480K, 0% used [0x00000000ea500000,0x00000000ea500000,0x00000000eb900000)
 ParOldGen       total 176640K, used 55669K [0x0000000080000000, 0x000000008ac80000, 0x00000000d5580000)
  object space 176640K, 31% used [0x0000000080000000,0x000000008365d5d8,0x000000008ac80000)
 Metaspace       used 71628K, capacity 74868K, committed 74904K, reserved 1114112K
  class space    used 9525K, capacity 10127K, committed 10160K, reserved 1048576K
}
Event: 918.323 GC heap before
{Heap before GC invocations=16 (full 3):
 PSYoungGen      total 352256K, used 352141K [0x00000000d5580000, 0x00000000ecd00000, 0x0000000100000000)
  eden space 339456K, 99% used [0x00000000d5580000,0x00000000ea0fec88,0x00000000ea100000)
  from space 12800K, 99% used [0x00000000ec080000,0x00000000ecce49c0,0x00000000ecd00000)
  to   space 20480K, 0% used [0x00000000ea500000,0x00000000ea500000,0x00000000eb900000)
 ParOldGen       total 176640K, used 55669K [0x0000000080000000, 0x000000008ac80000, 0x00000000d5580000)
  object space 176640K, 31% used [0x0000000080000000,0x000000008365d5d8,0x000000008ac80000)
 Metaspace       used 83248K, capacity 86984K, committed 87320K, reserved 1124352K
  class space    used 10970K, capacity 11702K, committed 11824K, reserved 1048576K
Event: 918.392 GC heap after
Heap after GC invocations=16 (full 3):
 PSYoungGen      total 364032K, used 20460K [0x00000000d5580000, 0x00000000f4180000, 0x0000000100000000)
  eden space 343552K, 0% used [0x00000000d5580000,0x00000000d5580000,0x00000000ea500000)
  from space 20480K, 99% used [0x00000000ea500000,0x00000000eb8fb168,0x00000000eb900000)
  to   space 33280K, 0% used [0x00000000f2100000,0x00000000f2100000,0x00000000f4180000)
 ParOldGen       total 176640K, used 83793K [0x0000000080000000, 0x000000008ac80000, 0x00000000d5580000)
  object space 176640K, 47% used [0x0000000080000000,0x00000000851d47e8,0x000000008ac80000)
 Metaspace       used 83248K, capacity 86984K, committed 87320K, reserved 1124352K
  class space    used 10970K, capacity 11702K, committed 11824K, reserved 1048576K
}

Deoptimization events (10 events):
Event: 924.216 Thread 0x0000000019ba6000 Uncommon trap: reason=unstable_if action=reinterpret pc=0x0000000005583a14 method=com.android.tools.r8.graph.u.equals(Ljava/lang/Object;)Z @ 27
Event: 924.227 Thread 0x0000000019ba6000 Uncommon trap: reason=null_check action=make_not_entrant pc=0x000000000325464c method=com.android.tools.r8.graph.i0.computeEquals(Ljava/lang/Object;)Z @ 1
Event: 924.227 Thread 0x0000000019ba6000 Uncommon trap: reason=unstable_if action=reinterpret pc=0x0000000003b8ffa8 method=java.util.Arrays.equals([Ljava/lang/Object;[Ljava/lang/Object;)Z @ 47
Event: 924.243 Thread 0x0000000019ba6000 Uncommon trap: reason=unstable_if action=reinterpret pc=0x000000000558c398 method=com.android.tools.r8.graph.u.equals(Ljava/lang/Object;)Z @ 27
Event: 924.328 Thread 0x0000000019ba6000 Uncommon trap: reason=unstable_if action=reinterpret pc=0x00000000031718e8 method=com.android.tools.r8.graph.l0$w.equals(Ljava/lang/Object;)Z @ 11
Event: 924.392 Thread 0x0000000019ba6000 Uncommon trap: reason=predicate action=maybe_recompile pc=0x0000000004fb0ad4 method=com.android.tools.r8.graph.U0.d(Ljava/util/function/Function;)Lcom/android/tools/r8/utils/q1; @ 63
Event: 924.392 Thread 0x0000000019ba6000 Uncommon trap: reason=unstable_if action=reinterpret pc=0x0000000004ccea98 method=com.android.tools.r8.utils.q1.a()Z @ 4
Event: 924.400 Thread 0x0000000019ba6000 Uncommon trap: reason=unstable_if action=reinterpret pc=0x00000000031735fc method=com.android.tools.r8.graph.U0.d(Ljava/util/function/Function;)Lcom/android/tools/r8/utils/q1; @ 36
Event: 924.622 Thread 0x0000000019ba6000 Uncommon trap: reason=unstable_if action=reinterpret pc=0x0000000003b4e5ac method=java.util.TimSort.mergeHi(IIII)V @ 584
Event: 924.658 Thread 0x0000000019ba6000 Uncommon trap: reason=class_check action=maybe_recompile pc=0x000000000559d11c method=com.android.tools.r8.dex.m.c(I)V @ 108

Classes redefined (0 events):
No events

Internal exceptions (10 events):
Event: 916.725 Thread 0x0000000019ba3000 Implicit null exception at 0x0000000004f2f2f6 to 0x0000000004f33cd1
Event: 917.317 Thread 0x000000001fb09000 Exception <a 'sun/nio/fs/WindowsException'> (0x00000000e789d960) thrown at [C:\src\AOSP-openjdk-git\hotspot\src\share\vm\prims\jni.cpp, line 710]
Event: 917.394 Thread 0x000000001fb09000 Exception <a 'java/lang/NoSuchMethodError': <clinit>> (0x00000000e793df68) thrown at [C:\src\AOSP-openjdk-git\hotspot\src\share\vm\prims\jni.cpp, line 1615]
Event: 918.046 Thread 0x000000002041f000 Exception <a 'java/lang/IncompatibleClassChangeError': Found class java.lang.Object, but interface was expected> (0x00000000e96d2128) thrown at [C:\src\AOSP-openjdk-git\hotspot\src\share\vm\interpreter\linkResolver.cpp, line 653]
Event: 918.046 Thread 0x0000000019b9b800 Exception <a 'java/lang/IncompatibleClassChangeError': Found class java.lang.Object, but interface was expected> (0x00000000e96fa340) thrown at [C:\src\AOSP-openjdk-git\hotspot\src\share\vm\interpreter\linkResolver.cpp, line 653]
Event: 919.025 Thread 0x0000000019b9b800 Exception <a 'java/lang/NoSuchMethodError': java.lang.Object.lambda$maxBy$1(Ljava/util/Comparator;Ljava/lang/Object;Ljava/lang/Object;)Ljava/lang/Object;> (0x00000000d62e2910) thrown at [C:\src\AOSP-openjdk-git\hotspot\src\share\vm\interpreter\linkResolve
Event: 921.662 Thread 0x000000002041d000 Exception <a 'java/lang/NoSuchMethodError': <clinit>> (0x00000000d8fa5de8) thrown at [C:\src\AOSP-openjdk-git\hotspot\src\share\vm\prims\jni.cpp, line 1615]
Event: 921.770 Thread 0x0000000020423000 Exception <a 'sun/nio/fs/WindowsException'> (0x00000000d96a0900) thrown at [C:\src\AOSP-openjdk-git\hotspot\src\share\vm\prims\jni.cpp, line 710]
Event: 922.164 Thread 0x0000000019ba1800 Implicit null exception at 0x00000000038390ef to 0x00000000038391e1
Event: 924.227 Thread 0x0000000019ba6000 Implicit null exception at 0x00000000032544cf to 0x000000000325463d

Events (10 events):
Event: 924.426 Thread 0x0000000019381000 flushing nmethod 0x0000000005607dd0
Event: 924.426 Thread 0x0000000019381000 flushing nmethod 0x0000000005647d50
Event: 924.622 Thread 0x0000000019ba6000 Uncommon trap: trap_request=0xffffff65 fr.pc=0x0000000003b4e5ac
Event: 924.622 Thread 0x0000000019ba6000 DEOPT PACKING pc=0x0000000003b4e5ac sp=0x000000003127e7b0
Event: 924.622 Thread 0x0000000019ba6000 DEOPT UNPACKING pc=0x0000000002f5557b sp=0x000000003127e790 mode 2
Event: 924.658 Thread 0x0000000019ba6000 Uncommon trap: trap_request=0xffffffde fr.pc=0x000000000559d11c
Event: 924.658 Thread 0x0000000019ba6000 DEOPT PACKING pc=0x000000000559d11c sp=0x000000003127ea10
Event: 924.658 Thread 0x0000000019ba6000 DEOPT UNPACKING pc=0x0000000002f5557b sp=0x000000003127e9e0 mode 2
Event: 924.658 loading class com/android/tools/r8/dex/l
Event: 924.658 loading class com/android/tools/r8/dex/l done


Dynamic libraries:
0x00007ff763a40000 - 0x00007ff763a71000 	E:\Android Studio\jre\bin\java.exe
0x00007ffab0af0000 - 0x00007ffab0ce5000 	C:\WINDOWS\SYSTEM32\ntdll.dll
0x00007ffa7fbf0000 - 0x00007ffa7fc03000 	C:\Program Files\AVAST Software\Avast\aswhook.dll
0x00007ffaaf130000 - 0x00007ffaaf1ed000 	C:\WINDOWS\System32\KERNEL32.DLL
0x00007ffaae490000 - 0x00007ffaae759000 	C:\WINDOWS\System32\KERNELBASE.dll
0x00007ffaaec30000 - 0x00007ffaaecdc000 	C:\WINDOWS\System32\ADVAPI32.dll
0x00007ffab0680000 - 0x00007ffab071e000 	C:\WINDOWS\System32\msvcrt.dll
0x00007ffaaecf0000 - 0x00007ffaaed8c000 	C:\WINDOWS\System32\sechost.dll
0x00007ffab0980000 - 0x00007ffab0aab000 	C:\WINDOWS\System32\RPCRT4.dll
0x00007ffaafb60000 - 0x00007ffaafd00000 	C:\WINDOWS\System32\USER32.dll
0x00007ffaae9c0000 - 0x00007ffaae9e2000 	C:\WINDOWS\System32\win32u.dll
0x00007ffab07f0000 - 0x00007ffab081a000 	C:\WINDOWS\System32\GDI32.dll
0x00007ffaae230000 - 0x00007ffaae33b000 	C:\WINDOWS\System32\gdi32full.dll
0x00007ffaae340000 - 0x00007ffaae3dd000 	C:\WINDOWS\System32\msvcp_win.dll
0x00007ffaaea50000 - 0x00007ffaaeb50000 	C:\WINDOWS\System32\ucrtbase.dll
0x00007ffa9e9b0000 - 0x00007ffa9ec4a000 	C:\WINDOWS\WinSxS\amd64_microsoft.windows.common-controls_6595b64144ccf1df_6.0.19041.844_none_ca00b6081b84eb1d\COMCTL32.dll
0x00007ffab0950000 - 0x00007ffab0980000 	C:\WINDOWS\System32\IMM32.DLL
0x0000000052d00000 - 0x0000000052dd2000 	E:\Android Studio\jre\jre\bin\msvcr100.dll
0x0000000053840000 - 0x000000005408b000 	E:\Android Studio\jre\jre\bin\server\jvm.dll
0x00007ffaaece0000 - 0x00007ffaaece8000 	C:\WINDOWS\System32\PSAPI.DLL
0x00007ffaa25a0000 - 0x00007ffaa25a9000 	C:\WINDOWS\SYSTEM32\WSOCK32.dll
0x00007ffaaf250000 - 0x00007ffaaf2bb000 	C:\WINDOWS\System32\WS2_32.dll
0x00007ffaa6870000 - 0x00007ffaa6897000 	C:\WINDOWS\SYSTEM32\WINMM.dll
0x00007ffaa68a0000 - 0x00007ffaa68aa000 	C:\WINDOWS\SYSTEM32\VERSION.dll
0x00007ffa98230000 - 0x00007ffa9823f000 	E:\Android Studio\jre\jre\bin\verify.dll
0x00007ffa8b9f0000 - 0x00007ffa8ba19000 	E:\Android Studio\jre\jre\bin\java.dll
0x00007ffa97e40000 - 0x00007ffa97e56000 	E:\Android Studio\jre\jre\bin\zip.dll
0x00007ffaaf3f0000 - 0x00007ffaafb32000 	C:\WINDOWS\System32\SHELL32.dll
0x00007ffaac390000 - 0x00007ffaacb20000 	C:\WINDOWS\SYSTEM32\windows.storage.dll
0x00007ffab0290000 - 0x00007ffab05e5000 	C:\WINDOWS\System32\combase.dll
0x00007ffaadca0000 - 0x00007ffaadccc000 	C:\WINDOWS\SYSTEM32\Wldp.dll
0x00007ffaaf340000 - 0x00007ffaaf3ee000 	C:\WINDOWS\System32\SHCORE.dll
0x00007ffaaf0d0000 - 0x00007ffaaf125000 	C:\WINDOWS\System32\shlwapi.dll
0x00007ffaae170000 - 0x00007ffaae18f000 	C:\WINDOWS\SYSTEM32\profapi.dll
0x00007ffa8b950000 - 0x00007ffa8b96a000 	E:\Android Studio\jre\jre\bin\net.dll
0x00007ffaada20000 - 0x00007ffaada8a000 	C:\WINDOWS\system32\mswsock.dll
0x00007ffa8b4b0000 - 0x00007ffa8b4c3000 	E:\Android Studio\jre\jre\bin\nio.dll
0x00007ffa7e960000 - 0x00007ffa7e987000 	C:\Users\Jakub\.gradle\native\f6784746aeab05261644944871eae4fe03e0ef1612fff0a4a95f87b438bc6780\windows-amd64\native-platform.dll
0x00007ffa981d0000 - 0x00007ffa981dd000 	E:\Android Studio\jre\jre\bin\management.dll
0x00007ffaadbf0000 - 0x00007ffaadc08000 	C:\WINDOWS\SYSTEM32\CRYPTSP.dll
0x00007ffaad350000 - 0x00007ffaad384000 	C:\WINDOWS\system32\rsaenh.dll
0x00007ffaae760000 - 0x00007ffaae787000 	C:\WINDOWS\System32\bcrypt.dll
0x00007ffaae0f0000 - 0x00007ffaae11e000 	C:\WINDOWS\SYSTEM32\USERENV.dll
0x00007ffaae7e0000 - 0x00007ffaae860000 	C:\WINDOWS\System32\bcryptprimitives.dll
0x00007ffaadc10000 - 0x00007ffaadc1c000 	C:\WINDOWS\SYSTEM32\CRYPTBASE.dll
0x00007ffaad6c0000 - 0x00007ffaad6fb000 	C:\WINDOWS\SYSTEM32\IPHLPAPI.DLL
0x00007ffaaf000000 - 0x00007ffaaf008000 	C:\WINDOWS\System32\NSI.dll
0x00007ffaa8a50000 - 0x00007ffaa8a67000 	C:\WINDOWS\SYSTEM32\dhcpcsvc6.DLL
0x00007ffaa8a30000 - 0x00007ffaa8a4d000 	C:\WINDOWS\SYSTEM32\dhcpcsvc.DLL
0x00007ffaad710000 - 0x00007ffaad7db000 	C:\WINDOWS\SYSTEM32\DNSAPI.dll
0x00007ffaa8c30000 - 0x00007ffaa8c3b000 	C:\WINDOWS\SYSTEM32\WINNSI.DLL

VM Arguments:
jvm_args: -Xmx2048m -Dfile.encoding=UTF-8 -Duser.country=US -Duser.language=en -Duser.variant 
java_command: org.gradle.launcher.daemon.bootstrap.GradleDaemon 6.5
java_class_path (initial): C:\Users\Jakub\.gradle\wrapper\dists\gradle-6.5-bin\6nifqtx7604sqp1q6g8wikw7p\gradle-6.5\lib\gradle-launcher-6.5.jar
Launcher Type: SUN_STANDARD

Environment Variables:
PATH=;C:\ProgramData\Oracle\Java\javapath;C:\WINDOWS\system32;C:\WINDOWS;C:\WINDOWS\System32\Wbem;C:\WINDOWS\System32\WindowsPowerShell\v1.0\;C:\Program Files (x86)\AMD\ATI.ACE\Core-Static;C:\WINDOWS\System32\OpenSSH\;C:\Mingw\bin;C:\Program Files\Microsoft SQL Server\130\Tools\Binn\;C;E:\Git\cmd;C:\Users\Jakub\AppData\Local\Android\Sdk\platform-tools;C:\Users\Jakub\AppData\Local\Android\Sdk\emulator;E:\nodejs\;C:\Users\Jakub\AppData\Local\Microsoft\WindowsApps;E:\Microsoft VS Code\bin;C:\Users\Jakub\AppData\Local\atom\bin;E:\Exercism;C:\Users\Jakub\AppData\Roaming\npm
USERNAME=Jakub
OS=Windows_NT
PROCESSOR_IDENTIFIER=Intel64 Family 6 Model 60 Stepping 3, GenuineIntel



---------------  S Y S T E M  ---------------

OS: Windows 10.0 , 64 bit Build 19041 (10.0.19041.804)

CPU:total 4 (initial active 4) (4 cores per cpu, 1 threads per core) family 6 model 60 stepping 3, cmov, cx8, fxsr, mmx, sse, sse2, sse3, ssse3, sse4.1, sse4.2, popcnt, avx, avx2, aes, clmul, erms, lzcnt, tsc, tscinvbit, bmi1, bmi2

Memory: 4k page, physical 16724832k(1106984k free), swap 21252808k(3756k free)

vm_info: OpenJDK 64-Bit Server VM (25.242-b01) for windows-amd64 JRE (1.8.0_242-release-1644-b01), built by "builder" with MS VC++ 10.0 (VS2010)

time: Fri Apr 16 17:50:58 2021
timezone: Central European Daylight Time
elapsed time: 924 seconds (0d 0h 15m 24s)

